Using pre-set license
Built from '2020.3/staging' branch; Version is '2020.3.24f1 (79c78de19888) revision 7980941'; Using compiler version '192528614'; Build Type 'Release'
OS: 'Windows 10  (10.0.19044) 64bit Professional' Language: 'en' Physical Memory: 32649 MB
BatchMode: 1, IsHumanControllingUs: 0, StartBugReporterOnCrash: 0, Is64bit: 1, IsPro: 0

COMMAND LINE ARGUMENTS:
C:\Program Files\Unity\Hub\Editor\2020.3.24f1\Editor\Unity.exe
-adb2
-batchMode
-noUpm
-name
AssetImportWorker0
-projectPath
C:/Users/Jono Barel/Documents/GitHub/SolarDomination
-logFile
Logs/AssetImportWorker0.log
-srvPort
51467
Successfully changed project path to: C:/Users/Jono Barel/Documents/GitHub/SolarDomination
C:/Users/Jono Barel/Documents/GitHub/SolarDomination
Using Asset Import Pipeline V2.
Refreshing native plugins compatible for Editor in 28.92 ms, found 2 plugins.
Preloading 0 native plugins for Editor in 0.00 ms.
Initialize engine version: 2020.3.24f1 (79c78de19888)
[Subsystems] Discovering subsystems at path C:/Program Files/Unity/Hub/Editor/2020.3.24f1/Editor/Data/Resources/UnitySubsystems
[Subsystems] Discovering subsystems at path C:/Users/Jono Barel/Documents/GitHub/SolarDomination/Assets
GfxDevice: creating device client; threaded=0
Direct3D:
    Version:  Direct3D 11.0 [level 11.1]
    Renderer: NVIDIA GeForce GTX 1060 6GB (ID=0x1c03)
    Vendor:   
    VRAM:     6052 MB
    Driver:   30.0.14.9709
Initialize mono
Mono path[0] = 'C:/Program Files/Unity/Hub/Editor/2020.3.24f1/Editor/Data/Managed'
Mono path[1] = 'C:/Program Files/Unity/Hub/Editor/2020.3.24f1/Editor/Data/MonoBleedingEdge/lib/mono/unityjit'
Mono config path = 'C:/Program Files/Unity/Hub/Editor/2020.3.24f1/Editor/Data/MonoBleedingEdge/etc'
Using monoOptions --debugger-agent=transport=dt_socket,embedding=1,server=y,suspend=n,address=127.0.0.1:56480
Begin MonoManager ReloadAssembly
Registering precompiled unity dll's ...
Register platform support module: C:/Program Files/Unity/Hub/Editor/2020.3.24f1/Editor/Data/PlaybackEngines/WindowsStandaloneSupport/UnityEditor.WindowsStandalone.Extensions.dll
Registered in 0.001656 seconds.
Native extension for WindowsStandalone target not found
Refreshing native plugins compatible for Editor in 28.69 ms, found 2 plugins.
Preloading 0 native plugins for Editor in 0.00 ms.
Mono: successfully reloaded assembly
- Completed reload, in  0.415 seconds
Domain Reload Profiling:
	ReloadAssembly (415ms)
		BeginReloadAssembly (38ms)
			ExecutionOrderSort (0ms)
			DisableScriptedObjects (0ms)
			BackupInstance (0ms)
			ReleaseScriptingObjects (0ms)
			CreateAndSetChildDomain (0ms)
		EndReloadAssembly (323ms)
			LoadAssemblies (36ms)
			RebuildTransferFunctionScriptingTraits (0ms)
			SetupTypeCache (108ms)
			ReleaseScriptCaches (0ms)
			RebuildScriptCaches (19ms)
			SetupLoadedEditorAssemblies (122ms)
				LogAssemblyErrors (0ms)
				InitializePlatformSupportModulesInManaged (3ms)
				SetLoadedEditorAssemblies (0ms)
				RefreshPlugins (29ms)
				BeforeProcessingInitializeOnLoad (10ms)
				ProcessInitializeOnLoadAttributes (60ms)
				ProcessInitializeOnLoadMethodAttributes (20ms)
				AfterProcessingInitializeOnLoad (0ms)
				EditorAssembliesLoaded (0ms)
			ExecutionOrderSort2 (0ms)
			AwakeInstancesAfterBackupRestoration (0ms)
Platform modules already initialized, skipping
Registering precompiled user dll's ...
Registered in 0.004326 seconds.
Begin MonoManager ReloadAssembly
Native extension for WindowsStandalone target not found
Refreshing native plugins compatible for Editor in 0.28 ms, found 2 plugins.
Preloading 0 native plugins for Editor in 0.00 ms.
Mono: successfully reloaded assembly
- Completed reload, in  0.709 seconds
Domain Reload Profiling:
	ReloadAssembly (710ms)
		BeginReloadAssembly (95ms)
			ExecutionOrderSort (0ms)
			DisableScriptedObjects (3ms)
			BackupInstance (0ms)
			ReleaseScriptingObjects (0ms)
			CreateAndSetChildDomain (12ms)
		EndReloadAssembly (572ms)
			LoadAssemblies (64ms)
			RebuildTransferFunctionScriptingTraits (0ms)
			SetupTypeCache (193ms)
			ReleaseScriptCaches (0ms)
			RebuildScriptCaches (30ms)
			SetupLoadedEditorAssemblies (222ms)
				LogAssemblyErrors (0ms)
				InitializePlatformSupportModulesInManaged (4ms)
				SetLoadedEditorAssemblies (0ms)
				RefreshPlugins (0ms)
				BeforeProcessingInitializeOnLoad (59ms)
				ProcessInitializeOnLoadAttributes (142ms)
				ProcessInitializeOnLoadMethodAttributes (11ms)
				AfterProcessingInitializeOnLoad (5ms)
				EditorAssembliesLoaded (0ms)
			ExecutionOrderSort2 (0ms)
			AwakeInstancesAfterBackupRestoration (5ms)
Platform modules already initialized, skipping
========================================================================
Worker process is ready to serve import requests
Launched and connected shader compiler UnityShaderCompiler.exe after 0.03 seconds
Refreshing native plugins compatible for Editor in 0.37 ms, found 2 plugins.
Preloading 0 native plugins for Editor in 0.00 ms.
Unloading 1824 Unused Serialized files (Serialized files now loaded: 0)
System memory in use before: 150.4 MB.
System memory in use after: 150.5 MB.

Unloading 24 unused Assets to reduce memory usage. Loaded Objects now: 2258.
Total: 2.003800 ms (FindLiveObjects: 0.099000 ms CreateObjectMapping: 0.033600 ms MarkObjects: 1.820400 ms  DeleteObjects: 0.049800 ms)

AssetImportParameters requested are different than current active one (requested -> active):
  custom:framework-win-MediaFoundation: 216162199b28c13a410421893ffa2e32 -> 
  custom:video-decoder-ogg-theora: a1e56fd34408186e4bbccfd4996cb3dc -> 
  custom:container-muxer-webm: aa71ff27fc2769a1b78a27578f13a17b -> 
  custom:container-demuxer-webm: 4f35f7cbe854078d1ac9338744f61a02 -> 
  custom:container-demuxer-ogg: 62fdf1f143b41e24485cea50d1cbac27 -> 
  custom:video-encoder-webm-vp8: eb34c28f22e8b96e1ab97ce403110664 -> 
  custom:video-decoder-webm-vp8: 9c59270c3fd7afecdb556c50c9e8de78 -> 
  custom:audio-decoder-ogg-vorbis: bf7c407c2cedff20999df2af8eb42d56 -> 
  custom:audio-encoder-webm-vorbis: bf7c407c2cedff20999df2af8eb42d56 -> 
========================================================================
Received Import Request.
  path: Assets/StellarDomination/Prefabs/ShipFighter.prefab
  artifactKey: Guid(9cbf55e2d72fd294bb598cf0d8115b51) Importer(815301076,1909f56bfc062723c751e8b465ee728b)
Start importing Assets/StellarDomination/Prefabs/ShipFighter.prefab using Guid(9cbf55e2d72fd294bb598cf0d8115b51) Importer(815301076,1909f56bfc062723c751e8b465ee728b)  -> (artifact id: 'b4a08dd96cad5b85e4474afaa6989c3d') in 0.076783 seconds 
  Import took 0.079003 seconds .

========================================================================
Received Import Request.
  Time since last request: 0.000212 seconds.
  path: Assets/StellarDomination/Prefabs/AltCruiser.prefab
  artifactKey: Guid(6d446e10b016f9147ad1d593642f605c) Importer(815301076,1909f56bfc062723c751e8b465ee728b)
Start importing Assets/StellarDomination/Prefabs/AltCruiser.prefab using Guid(6d446e10b016f9147ad1d593642f605c) Importer(815301076,1909f56bfc062723c751e8b465ee728b)  -> (artifact id: 'efa7af2003db5222eb48ea2940fe3e85') in 0.014944 seconds 
  Import took 0.017276 seconds .

========================================================================
Received Import Request.
  Time since last request: 0.000199 seconds.
  path: Assets/StellarDomination/Prefabs/ShipCarrier.prefab
  artifactKey: Guid(e412f82a2e70a8248b35354922f14d7b) Importer(815301076,1909f56bfc062723c751e8b465ee728b)
Start importing Assets/StellarDomination/Prefabs/ShipCarrier.prefab using Guid(e412f82a2e70a8248b35354922f14d7b) Importer(815301076,1909f56bfc062723c751e8b465ee728b)  -> (artifact id: 'ecfd328d2694e7a0035d6c3954e082a1') in 0.008640 seconds 
  Import took 0.011012 seconds .

========================================================================
Received Import Request.
  Time since last request: 0.000158 seconds.
  path: Assets/StellarDomination/Prefabs/ShipCruiser.prefab
  artifactKey: Guid(e1127ca8240203b40b210f195983808a) Importer(815301076,1909f56bfc062723c751e8b465ee728b)
Start importing Assets/StellarDomination/Prefabs/ShipCruiser.prefab using Guid(e1127ca8240203b40b210f195983808a) Importer(815301076,1909f56bfc062723c751e8b465ee728b)  -> (artifact id: '2cfa072dda02af120d9c09bf7cf6dce7') in 0.011209 seconds 
  Import took 0.013702 seconds .

========================================================================
Received Import Request.
  Time since last request: 8.543261 seconds.
  path: Assets/StellarDomination/Prefabs/AltCruiser.prefab
  artifactKey: Guid(6d446e10b016f9147ad1d593642f605c) Importer(815301076,1909f56bfc062723c751e8b465ee728b)
Start importing Assets/StellarDomination/Prefabs/AltCruiser.prefab using Guid(6d446e10b016f9147ad1d593642f605c) Importer(815301076,1909f56bfc062723c751e8b465ee728b)  -> (artifact id: '31037762e7d21357dadec4ae92991344') in 0.012668 seconds 
  Import took 0.015461 seconds .

========================================================================
Received Import Request.
  Time since last request: 10.825658 seconds.
  path: Assets/StellarDomination/Prefabs/ShipCarrier.prefab
  artifactKey: Guid(e412f82a2e70a8248b35354922f14d7b) Importer(815301076,1909f56bfc062723c751e8b465ee728b)
Start importing Assets/StellarDomination/Prefabs/ShipCarrier.prefab using Guid(e412f82a2e70a8248b35354922f14d7b) Importer(815301076,1909f56bfc062723c751e8b465ee728b)  -> (artifact id: 'ef4280c142b66e69786945f3afcebee4') in 0.012306 seconds 
  Import took 0.014785 seconds .

========================================================================
Received Import Request.
  Time since last request: 10.018918 seconds.
  path: Assets/StellarDomination/Prefabs/ShipCruiser.prefab
  artifactKey: Guid(e1127ca8240203b40b210f195983808a) Importer(815301076,1909f56bfc062723c751e8b465ee728b)
Start importing Assets/StellarDomination/Prefabs/ShipCruiser.prefab using Guid(e1127ca8240203b40b210f195983808a) Importer(815301076,1909f56bfc062723c751e8b465ee728b)  -> (artifact id: '7a13835fdb0c64cba538600a7ea391f6') in 0.009026 seconds 
  Import took 0.012722 seconds .

========================================================================
Received Import Request.
  Time since last request: 4.533660 seconds.
  path: Assets/StellarDomination/Prefabs/ShipFighter.prefab
  artifactKey: Guid(9cbf55e2d72fd294bb598cf0d8115b51) Importer(815301076,1909f56bfc062723c751e8b465ee728b)
Start importing Assets/StellarDomination/Prefabs/ShipFighter.prefab using Guid(9cbf55e2d72fd294bb598cf0d8115b51) Importer(815301076,1909f56bfc062723c751e8b465ee728b)  -> (artifact id: '030630be0614a1cf67b387b3f72cc77f') in 0.008334 seconds 
  Import took 0.011310 seconds .

========================================================================
Received Prepare
Registering precompiled user dll's ...
Registered in 0.004320 seconds.
Begin MonoManager ReloadAssembly
Native extension for WindowsStandalone target not found
Refreshing native plugins compatible for Editor in 0.28 ms, found 2 plugins.
Preloading 0 native plugins for Editor in 0.00 ms.
Mono: successfully reloaded assembly
- Completed reload, in  0.680 seconds
Domain Reload Profiling:
	ReloadAssembly (680ms)
		BeginReloadAssembly (78ms)
			ExecutionOrderSort (0ms)
			DisableScriptedObjects (3ms)
			BackupInstance (0ms)
			ReleaseScriptingObjects (0ms)
			CreateAndSetChildDomain (22ms)
		EndReloadAssembly (558ms)
			LoadAssemblies (63ms)
			RebuildTransferFunctionScriptingTraits (0ms)
			SetupTypeCache (195ms)
			ReleaseScriptCaches (1ms)
			RebuildScriptCaches (26ms)
			SetupLoadedEditorAssemblies (209ms)
				LogAssemblyErrors (0ms)
				InitializePlatformSupportModulesInManaged (3ms)
				SetLoadedEditorAssemblies (0ms)
				RefreshPlugins (0ms)
				BeforeProcessingInitializeOnLoad (56ms)
				ProcessInitializeOnLoadAttributes (134ms)
				ProcessInitializeOnLoadMethodAttributes (11ms)
				AfterProcessingInitializeOnLoad (5ms)
				EditorAssembliesLoaded (0ms)
			ExecutionOrderSort2 (0ms)
			AwakeInstancesAfterBackupRestoration (5ms)
Platform modules already initialized, skipping
Refreshing native plugins compatible for Editor in 0.31 ms, found 2 plugins.
Preloading 0 native plugins for Editor in 0.00 ms.
Unloading 1818 Unused Serialized files (Serialized files now loaded: 0)
System memory in use before: 153.4 MB.
System memory in use after: 153.5 MB.

Unloading 19 unused Assets to reduce memory usage. Loaded Objects now: 2268.
Total: 1.760500 ms (FindLiveObjects: 0.092500 ms CreateObjectMapping: 0.032100 ms MarkObjects: 1.622600 ms  DeleteObjects: 0.012800 ms)

AssetImportParameters requested are different than current active one (requested -> active):
  custom:framework-win-MediaFoundation: 216162199b28c13a410421893ffa2e32 -> 
  custom:video-decoder-ogg-theora: a1e56fd34408186e4bbccfd4996cb3dc -> 
  custom:container-muxer-webm: aa71ff27fc2769a1b78a27578f13a17b -> 
  custom:container-demuxer-webm: 4f35f7cbe854078d1ac9338744f61a02 -> 
  custom:container-demuxer-ogg: 62fdf1f143b41e24485cea50d1cbac27 -> 
  custom:video-encoder-webm-vp8: eb34c28f22e8b96e1ab97ce403110664 -> 
  custom:video-decoder-webm-vp8: 9c59270c3fd7afecdb556c50c9e8de78 -> 
  custom:audio-decoder-ogg-vorbis: bf7c407c2cedff20999df2af8eb42d56 -> 
  custom:audio-encoder-webm-vorbis: bf7c407c2cedff20999df2af8eb42d56 -> 
========================================================================
Received Prepare
Registering precompiled user dll's ...
Registered in 0.004070 seconds.
Begin MonoManager ReloadAssembly
Native extension for WindowsStandalone target not found
Refreshing native plugins compatible for Editor in 0.29 ms, found 2 plugins.
Preloading 0 native plugins for Editor in 0.00 ms.
Mono: successfully reloaded assembly
- Completed reload, in  0.661 seconds
Domain Reload Profiling:
	ReloadAssembly (662ms)
		BeginReloadAssembly (76ms)
			ExecutionOrderSort (0ms)
			DisableScriptedObjects (3ms)
			BackupInstance (0ms)
			ReleaseScriptingObjects (0ms)
			CreateAndSetChildDomain (21ms)
		EndReloadAssembly (542ms)
			LoadAssemblies (61ms)
			RebuildTransferFunctionScriptingTraits (0ms)
			SetupTypeCache (188ms)
			ReleaseScriptCaches (1ms)
			RebuildScriptCaches (24ms)
			SetupLoadedEditorAssemblies (205ms)
				LogAssemblyErrors (0ms)
				InitializePlatformSupportModulesInManaged (3ms)
				SetLoadedEditorAssemblies (0ms)
				RefreshPlugins (0ms)
				BeforeProcessingInitializeOnLoad (54ms)
				ProcessInitializeOnLoadAttributes (131ms)
				ProcessInitializeOnLoadMethodAttributes (12ms)
				AfterProcessingInitializeOnLoad (4ms)
				EditorAssembliesLoaded (0ms)
			ExecutionOrderSort2 (0ms)
			AwakeInstancesAfterBackupRestoration (5ms)
Platform modules already initialized, skipping
Refreshing native plugins compatible for Editor in 0.29 ms, found 2 plugins.
Preloading 0 native plugins for Editor in 0.00 ms.
Unloading 1818 Unused Serialized files (Serialized files now loaded: 0)
System memory in use before: 153.5 MB.
System memory in use after: 153.6 MB.

Unloading 19 unused Assets to reduce memory usage. Loaded Objects now: 2270.
Total: 1.844500 ms (FindLiveObjects: 0.104800 ms CreateObjectMapping: 0.032500 ms MarkObjects: 1.693100 ms  DeleteObjects: 0.013400 ms)

AssetImportParameters requested are different than current active one (requested -> active):
  custom:framework-win-MediaFoundation: 216162199b28c13a410421893ffa2e32 -> 
  custom:video-decoder-ogg-theora: a1e56fd34408186e4bbccfd4996cb3dc -> 
  custom:container-muxer-webm: aa71ff27fc2769a1b78a27578f13a17b -> 
  custom:container-demuxer-webm: 4f35f7cbe854078d1ac9338744f61a02 -> 
  custom:container-demuxer-ogg: 62fdf1f143b41e24485cea50d1cbac27 -> 
  custom:video-encoder-webm-vp8: eb34c28f22e8b96e1ab97ce403110664 -> 
  custom:video-decoder-webm-vp8: 9c59270c3fd7afecdb556c50c9e8de78 -> 
  custom:audio-decoder-ogg-vorbis: bf7c407c2cedff20999df2af8eb42d56 -> 
  custom:audio-encoder-webm-vorbis: bf7c407c2cedff20999df2af8eb42d56 -> 
========================================================================
Received Import Request.
  Time since last request: 165.231839 seconds.
  path: Assets/StellarDomination/Scripts/Ship/Ship.cs
  artifactKey: Guid(e6ac3858b8d417546ac06511de561ed9) Importer(815301076,1909f56bfc062723c751e8b465ee728b)
Start importing Assets/StellarDomination/Scripts/Ship/Ship.cs using Guid(e6ac3858b8d417546ac06511de561ed9) Importer(815301076,1909f56bfc062723c751e8b465ee728b)  -> (artifact id: '819d70576f1b937b993ee74b062a6167') in 0.008659 seconds 
  Import took 0.011008 seconds .

========================================================================
Received Import Request.
  Time since last request: 20.046855 seconds.
  path: Assets/StellarDomination/Scripts/Ship/Ship.cs
  artifactKey: Guid(e6ac3858b8d417546ac06511de561ed9) Importer(815301076,1909f56bfc062723c751e8b465ee728b)
Start importing Assets/StellarDomination/Scripts/Ship/Ship.cs using Guid(e6ac3858b8d417546ac06511de561ed9) Importer(815301076,1909f56bfc062723c751e8b465ee728b)  -> (artifact id: '3b26aa973874b5371c6f52d7e420d1a0') in 0.001937 seconds 
  Import took 0.005111 seconds .

========================================================================
Received Import Request.
  Time since last request: 2.263136 seconds.
  path: Assets/StellarDomination/Scripts/Ship/Ship.cs
  artifactKey: Guid(e6ac3858b8d417546ac06511de561ed9) Importer(815301076,1909f56bfc062723c751e8b465ee728b)
Start importing Assets/StellarDomination/Scripts/Ship/Ship.cs using Guid(e6ac3858b8d417546ac06511de561ed9) Importer(815301076,1909f56bfc062723c751e8b465ee728b)  -> (artifact id: '6794ad69f205a75fdd3d0ebb266a5462') in 0.002009 seconds 
  Import took 0.004197 seconds .

========================================================================
Received Import Request.
  Time since last request: 4.143492 seconds.
  path: Assets/StellarDomination/Scripts/Ship/Ship.cs
  artifactKey: Guid(e6ac3858b8d417546ac06511de561ed9) Importer(815301076,1909f56bfc062723c751e8b465ee728b)
Start importing Assets/StellarDomination/Scripts/Ship/Ship.cs using Guid(e6ac3858b8d417546ac06511de561ed9) Importer(815301076,1909f56bfc062723c751e8b465ee728b)  -> (artifact id: '0d6ff923da4b52e839c7bb3273cc72ad') in 0.001739 seconds 
  Import took 0.004731 seconds .

========================================================================
Received Import Request.
  Time since last request: 16.604512 seconds.
  path: Assets/StellarDomination/Scripts/Ship/Ship.cs
  artifactKey: Guid(e6ac3858b8d417546ac06511de561ed9) Importer(815301076,1909f56bfc062723c751e8b465ee728b)
Start importing Assets/StellarDomination/Scripts/Ship/Ship.cs using Guid(e6ac3858b8d417546ac06511de561ed9) Importer(815301076,1909f56bfc062723c751e8b465ee728b)  -> (artifact id: 'bd1add065e2752c0f278092cad95431f') in 0.001867 seconds 
  Import took 0.003992 seconds .

========================================================================
Received Import Request.
  Time since last request: 0.861387 seconds.
  path: Assets/StellarDomination/Scripts/Ship/Ship.cs
  artifactKey: Guid(e6ac3858b8d417546ac06511de561ed9) Importer(815301076,1909f56bfc062723c751e8b465ee728b)
Start importing Assets/StellarDomination/Scripts/Ship/Ship.cs using Guid(e6ac3858b8d417546ac06511de561ed9) Importer(815301076,1909f56bfc062723c751e8b465ee728b)  -> (artifact id: '7ed81a62c2dc379d8283335a7d1f3c6c') in 0.001955 seconds 
  Import took 0.004150 seconds .

========================================================================
Received Import Request.
  Time since last request: 4.064704 seconds.
  path: Assets/StellarDomination/Scripts/Ship/Ship.cs
  artifactKey: Guid(e6ac3858b8d417546ac06511de561ed9) Importer(815301076,1909f56bfc062723c751e8b465ee728b)
Start importing Assets/StellarDomination/Scripts/Ship/Ship.cs using Guid(e6ac3858b8d417546ac06511de561ed9) Importer(815301076,1909f56bfc062723c751e8b465ee728b)  -> (artifact id: '8bce1607445a917719d6c3f6c8d972db') in 0.002054 seconds 
  Import took 0.004806 seconds .

========================================================================
Received Import Request.
  Time since last request: 7.439767 seconds.
  path: Assets/StellarDomination/Scripts/Ship/Ship.cs
  artifactKey: Guid(e6ac3858b8d417546ac06511de561ed9) Importer(815301076,1909f56bfc062723c751e8b465ee728b)
Start importing Assets/StellarDomination/Scripts/Ship/Ship.cs using Guid(e6ac3858b8d417546ac06511de561ed9) Importer(815301076,1909f56bfc062723c751e8b465ee728b)  -> (artifact id: '69364ff03934fb13f5b331457573427c') in 0.001975 seconds 
  Import took 0.004415 seconds .

========================================================================
Received Import Request.
  Time since last request: 12.820202 seconds.
  path: Assets/StellarDomination/Scripts/Ship/Ship.cs
  artifactKey: Guid(e6ac3858b8d417546ac06511de561ed9) Importer(815301076,1909f56bfc062723c751e8b465ee728b)
Start importing Assets/StellarDomination/Scripts/Ship/Ship.cs using Guid(e6ac3858b8d417546ac06511de561ed9) Importer(815301076,1909f56bfc062723c751e8b465ee728b)  -> (artifact id: 'af9e86ae8fb19688ab69df992b1efdd3') in 0.001939 seconds 
  Import took 0.004265 seconds .

========================================================================
Received Import Request.
  Time since last request: 1.362886 seconds.
  path: Assets/StellarDomination/Scripts/Ship/Ship.cs
  artifactKey: Guid(e6ac3858b8d417546ac06511de561ed9) Importer(815301076,1909f56bfc062723c751e8b465ee728b)
Start importing Assets/StellarDomination/Scripts/Ship/Ship.cs using Guid(e6ac3858b8d417546ac06511de561ed9) Importer(815301076,1909f56bfc062723c751e8b465ee728b)  -> (artifact id: '26fe5512f6460d961ef5ade5e7cdf03e') in 0.003570 seconds 
  Import took 0.007568 seconds .

========================================================================
Received Import Request.
  Time since last request: 12.929911 seconds.
  path: Assets/StellarDomination/Scripts/Ship/Ship.cs
  artifactKey: Guid(e6ac3858b8d417546ac06511de561ed9) Importer(815301076,1909f56bfc062723c751e8b465ee728b)
Start importing Assets/StellarDomination/Scripts/Ship/Ship.cs using Guid(e6ac3858b8d417546ac06511de561ed9) Importer(815301076,1909f56bfc062723c751e8b465ee728b)  -> (artifact id: 'b1fb52bb0d27ffb397d495c3ed12bbd1') in 0.002057 seconds 
  Import took 0.004167 seconds .

========================================================================
Received Import Request.
  Time since last request: 2.358999 seconds.
  path: Assets/StellarDomination/Scripts/Ship/Ship.cs
  artifactKey: Guid(e6ac3858b8d417546ac06511de561ed9) Importer(815301076,1909f56bfc062723c751e8b465ee728b)
Start importing Assets/StellarDomination/Scripts/Ship/Ship.cs using Guid(e6ac3858b8d417546ac06511de561ed9) Importer(815301076,1909f56bfc062723c751e8b465ee728b)  -> (artifact id: '7829744969a59002fabf7bb6538cefdb') in 0.001851 seconds 
  Import took 0.004357 seconds .

========================================================================
Received Import Request.
  Time since last request: 5.846552 seconds.
  path: Assets/StellarDomination/Scripts/Ship/Ship.cs
  artifactKey: Guid(e6ac3858b8d417546ac06511de561ed9) Importer(815301076,1909f56bfc062723c751e8b465ee728b)
Start importing Assets/StellarDomination/Scripts/Ship/Ship.cs using Guid(e6ac3858b8d417546ac06511de561ed9) Importer(815301076,1909f56bfc062723c751e8b465ee728b)  -> (artifact id: '3a7e0e6e91d5981c11f729f3b7413e64') in 0.001880 seconds 
  Import took 0.004426 seconds .

========================================================================
Received Import Request.
  Time since last request: 2.255962 seconds.
  path: Assets/StellarDomination/Scripts/Ship/Ship.cs
  artifactKey: Guid(e6ac3858b8d417546ac06511de561ed9) Importer(815301076,1909f56bfc062723c751e8b465ee728b)
Start importing Assets/StellarDomination/Scripts/Ship/Ship.cs using Guid(e6ac3858b8d417546ac06511de561ed9) Importer(815301076,1909f56bfc062723c751e8b465ee728b)  -> (artifact id: '750cfa603b10884ecff2fcbb14ef64f0') in 0.001729 seconds 
  Import took 0.003822 seconds .

========================================================================
Received Import Request.
  Time since last request: 4.046816 seconds.
  path: Assets/StellarDomination/Scripts/Ship/Ship.cs
  artifactKey: Guid(e6ac3858b8d417546ac06511de561ed9) Importer(815301076,1909f56bfc062723c751e8b465ee728b)
Start importing Assets/StellarDomination/Scripts/Ship/Ship.cs using Guid(e6ac3858b8d417546ac06511de561ed9) Importer(815301076,1909f56bfc062723c751e8b465ee728b)  -> (artifact id: 'cba297dd198852d57deb440e57266ca8') in 0.001874 seconds 
  Import took 0.004084 seconds .

========================================================================
Received Import Request.
  Time since last request: 14.702122 seconds.
  path: Assets/StellarDomination/Scripts/Ship/Ship.cs
  artifactKey: Guid(e6ac3858b8d417546ac06511de561ed9) Importer(815301076,1909f56bfc062723c751e8b465ee728b)
Start importing Assets/StellarDomination/Scripts/Ship/Ship.cs using Guid(e6ac3858b8d417546ac06511de561ed9) Importer(815301076,1909f56bfc062723c751e8b465ee728b)  -> (artifact id: '67a4f3cd70930e7da2948ddc6f5da652') in 0.001844 seconds 
  Import took 0.004029 seconds .

========================================================================
Received Import Request.
  Time since last request: 4.953152 seconds.
  path: Assets/StellarDomination/Scripts/Ship/Ship.cs
  artifactKey: Guid(e6ac3858b8d417546ac06511de561ed9) Importer(815301076,1909f56bfc062723c751e8b465ee728b)
Start importing Assets/StellarDomination/Scripts/Ship/Ship.cs using Guid(e6ac3858b8d417546ac06511de561ed9) Importer(815301076,1909f56bfc062723c751e8b465ee728b)  -> (artifact id: '35d2b84101b9997b949b8c35315c4640') in 0.001953 seconds 
  Import took 0.004334 seconds .

========================================================================
Received Import Request.
  Time since last request: 1.358424 seconds.
  path: Assets/StellarDomination/Scripts/Ship/Ship.cs
  artifactKey: Guid(e6ac3858b8d417546ac06511de561ed9) Importer(815301076,1909f56bfc062723c751e8b465ee728b)
Start importing Assets/StellarDomination/Scripts/Ship/Ship.cs using Guid(e6ac3858b8d417546ac06511de561ed9) Importer(815301076,1909f56bfc062723c751e8b465ee728b)  -> (artifact id: '2eb3375ccef4edb6b2bc3bb482da899d') in 0.001799 seconds 
  Import took 0.004402 seconds .

========================================================================
Received Import Request.
  Time since last request: 11.025247 seconds.
  path: Assets/StellarDomination/Scripts/Ship/Ship.cs
  artifactKey: Guid(e6ac3858b8d417546ac06511de561ed9) Importer(815301076,1909f56bfc062723c751e8b465ee728b)
Start importing Assets/StellarDomination/Scripts/Ship/Ship.cs using Guid(e6ac3858b8d417546ac06511de561ed9) Importer(815301076,1909f56bfc062723c751e8b465ee728b)  -> (artifact id: '3eca60c743281f63564b56e99fd74e97') in 0.002047 seconds 
  Import took 0.004364 seconds .

========================================================================
Received Prepare
Registering precompiled user dll's ...
Registered in 0.004172 seconds.
Begin MonoManager ReloadAssembly
Native extension for WindowsStandalone target not found
Refreshing native plugins compatible for Editor in 0.34 ms, found 2 plugins.
Preloading 0 native plugins for Editor in 0.00 ms.
Mono: successfully reloaded assembly
- Completed reload, in  0.695 seconds
Domain Reload Profiling:
	ReloadAssembly (695ms)
		BeginReloadAssembly (86ms)
			ExecutionOrderSort (0ms)
			DisableScriptedObjects (3ms)
			BackupInstance (0ms)
			ReleaseScriptingObjects (0ms)
			CreateAndSetChildDomain (23ms)
		EndReloadAssembly (563ms)
			LoadAssemblies (67ms)
			RebuildTransferFunctionScriptingTraits (0ms)
			SetupTypeCache (196ms)
			ReleaseScriptCaches (1ms)
			RebuildScriptCaches (25ms)
			SetupLoadedEditorAssemblies (213ms)
				LogAssemblyErrors (0ms)
				InitializePlatformSupportModulesInManaged (3ms)
				SetLoadedEditorAssemblies (0ms)
				RefreshPlugins (0ms)
				BeforeProcessingInitializeOnLoad (55ms)
				ProcessInitializeOnLoadAttributes (138ms)
				ProcessInitializeOnLoadMethodAttributes (11ms)
				AfterProcessingInitializeOnLoad (5ms)
				EditorAssembliesLoaded (0ms)
			ExecutionOrderSort2 (0ms)
			AwakeInstancesAfterBackupRestoration (5ms)
Platform modules already initialized, skipping
Refreshing native plugins compatible for Editor in 0.30 ms, found 2 plugins.
Preloading 0 native plugins for Editor in 0.00 ms.
Unloading 1818 Unused Serialized files (Serialized files now loaded: 0)
System memory in use before: 153.5 MB.
System memory in use after: 153.6 MB.

Unloading 19 unused Assets to reduce memory usage. Loaded Objects now: 2272.
Total: 1.723500 ms (FindLiveObjects: 0.094100 ms CreateObjectMapping: 0.031600 ms MarkObjects: 1.585400 ms  DeleteObjects: 0.011700 ms)

AssetImportParameters requested are different than current active one (requested -> active):
  custom:framework-win-MediaFoundation: 216162199b28c13a410421893ffa2e32 -> 
  custom:video-decoder-ogg-theora: a1e56fd34408186e4bbccfd4996cb3dc -> 
  custom:container-muxer-webm: aa71ff27fc2769a1b78a27578f13a17b -> 
  custom:container-demuxer-webm: 4f35f7cbe854078d1ac9338744f61a02 -> 
  custom:container-demuxer-ogg: 62fdf1f143b41e24485cea50d1cbac27 -> 
  custom:video-encoder-webm-vp8: eb34c28f22e8b96e1ab97ce403110664 -> 
  custom:video-decoder-webm-vp8: 9c59270c3fd7afecdb556c50c9e8de78 -> 
  custom:audio-decoder-ogg-vorbis: bf7c407c2cedff20999df2af8eb42d56 -> 
  custom:audio-encoder-webm-vorbis: bf7c407c2cedff20999df2af8eb42d56 -> 
========================================================================
Received Prepare
Registering precompiled user dll's ...
Registered in 0.004703 seconds.
Begin MonoManager ReloadAssembly
Native extension for WindowsStandalone target not found
Refreshing native plugins compatible for Editor in 0.27 ms, found 2 plugins.
Preloading 0 native plugins for Editor in 0.00 ms.
Mono: successfully reloaded assembly
- Completed reload, in  0.703 seconds
Domain Reload Profiling:
	ReloadAssembly (703ms)
		BeginReloadAssembly (85ms)
			ExecutionOrderSort (0ms)
			DisableScriptedObjects (4ms)
			BackupInstance (0ms)
			ReleaseScriptingObjects (0ms)
			CreateAndSetChildDomain (22ms)
		EndReloadAssembly (569ms)
			LoadAssemblies (70ms)
			RebuildTransferFunctionScriptingTraits (0ms)
			SetupTypeCache (205ms)
			ReleaseScriptCaches (1ms)
			RebuildScriptCaches (24ms)
			SetupLoadedEditorAssemblies (205ms)
				LogAssemblyErrors (0ms)
				InitializePlatformSupportModulesInManaged (3ms)
				SetLoadedEditorAssemblies (0ms)
				RefreshPlugins (0ms)
				BeforeProcessingInitializeOnLoad (54ms)
				ProcessInitializeOnLoadAttributes (131ms)
				ProcessInitializeOnLoadMethodAttributes (11ms)
				AfterProcessingInitializeOnLoad (5ms)
				EditorAssembliesLoaded (0ms)
			ExecutionOrderSort2 (0ms)
			AwakeInstancesAfterBackupRestoration (5ms)
Platform modules already initialized, skipping
Refreshing native plugins compatible for Editor in 0.30 ms, found 2 plugins.
Preloading 0 native plugins for Editor in 0.00 ms.
Unloading 1818 Unused Serialized files (Serialized files now loaded: 0)
System memory in use before: 153.5 MB.
System memory in use after: 153.6 MB.

Unloading 19 unused Assets to reduce memory usage. Loaded Objects now: 2274.
Total: 1.766400 ms (FindLiveObjects: 0.094100 ms CreateObjectMapping: 0.032800 ms MarkObjects: 1.627000 ms  DeleteObjects: 0.011800 ms)

AssetImportParameters requested are different than current active one (requested -> active):
  custom:framework-win-MediaFoundation: 216162199b28c13a410421893ffa2e32 -> 
  custom:video-decoder-ogg-theora: a1e56fd34408186e4bbccfd4996cb3dc -> 
  custom:container-muxer-webm: aa71ff27fc2769a1b78a27578f13a17b -> 
  custom:container-demuxer-webm: 4f35f7cbe854078d1ac9338744f61a02 -> 
  custom:container-demuxer-ogg: 62fdf1f143b41e24485cea50d1cbac27 -> 
  custom:video-encoder-webm-vp8: eb34c28f22e8b96e1ab97ce403110664 -> 
  custom:video-decoder-webm-vp8: 9c59270c3fd7afecdb556c50c9e8de78 -> 
  custom:audio-decoder-ogg-vorbis: bf7c407c2cedff20999df2af8eb42d56 -> 
  custom:audio-encoder-webm-vorbis: bf7c407c2cedff20999df2af8eb42d56 -> 
========================================================================
Received Import Request.
  Time since last request: 179.124672 seconds.
  path: Assets/StellarDomination/Scripts/Ship/Ship.cs
  artifactKey: Guid(e6ac3858b8d417546ac06511de561ed9) Importer(815301076,1909f56bfc062723c751e8b465ee728b)
Start importing Assets/StellarDomination/Scripts/Ship/Ship.cs using Guid(e6ac3858b8d417546ac06511de561ed9) Importer(815301076,1909f56bfc062723c751e8b465ee728b)  -> (artifact id: 'ce4a2d44fd4af25de599e5a1d80004a1') in 0.009060 seconds 
  Import took 0.012340 seconds .

========================================================================
Received Import Request.
  Time since last request: 15.204630 seconds.
  path: Assets/StellarDomination/Scripts/Ship/Ship.cs
  artifactKey: Guid(e6ac3858b8d417546ac06511de561ed9) Importer(815301076,1909f56bfc062723c751e8b465ee728b)
Start importing Assets/StellarDomination/Scripts/Ship/Ship.cs using Guid(e6ac3858b8d417546ac06511de561ed9) Importer(815301076,1909f56bfc062723c751e8b465ee728b)  -> (artifact id: 'b947acb49721a7e19a77de0091ec35e5') in 0.001795 seconds 
  Import took 0.003931 seconds .

========================================================================
Received Prepare
Registering precompiled user dll's ...
Registered in 0.005432 seconds.
Begin MonoManager ReloadAssembly
Native extension for WindowsStandalone target not found
Refreshing native plugins compatible for Editor in 0.29 ms, found 2 plugins.
Preloading 0 native plugins for Editor in 0.00 ms.
Mono: successfully reloaded assembly
- Completed reload, in  0.695 seconds
Domain Reload Profiling:
	ReloadAssembly (695ms)
		BeginReloadAssembly (80ms)
			ExecutionOrderSort (0ms)
			DisableScriptedObjects (4ms)
			BackupInstance (0ms)
			ReleaseScriptingObjects (0ms)
			CreateAndSetChildDomain (21ms)
		EndReloadAssembly (564ms)
			LoadAssemblies (66ms)
			RebuildTransferFunctionScriptingTraits (0ms)
			SetupTypeCache (193ms)
			ReleaseScriptCaches (1ms)
			RebuildScriptCaches (26ms)
			SetupLoadedEditorAssemblies (212ms)
				LogAssemblyErrors (0ms)
				InitializePlatformSupportModulesInManaged (3ms)
				SetLoadedEditorAssemblies (0ms)
				RefreshPlugins (0ms)
				BeforeProcessingInitializeOnLoad (54ms)
				ProcessInitializeOnLoadAttributes (139ms)
				ProcessInitializeOnLoadMethodAttributes (11ms)
				AfterProcessingInitializeOnLoad (5ms)
				EditorAssembliesLoaded (0ms)
			ExecutionOrderSort2 (0ms)
			AwakeInstancesAfterBackupRestoration (5ms)
Platform modules already initialized, skipping
Refreshing native plugins compatible for Editor in 0.29 ms, found 2 plugins.
Preloading 0 native plugins for Editor in 0.00 ms.
Unloading 1818 Unused Serialized files (Serialized files now loaded: 0)
System memory in use before: 153.5 MB.
System memory in use after: 153.6 MB.

Unloading 19 unused Assets to reduce memory usage. Loaded Objects now: 2276.
Total: 1.741200 ms (FindLiveObjects: 0.093100 ms CreateObjectMapping: 0.032600 ms MarkObjects: 1.600600 ms  DeleteObjects: 0.014200 ms)

AssetImportParameters requested are different than current active one (requested -> active):
  custom:framework-win-MediaFoundation: 216162199b28c13a410421893ffa2e32 -> 
  custom:video-decoder-ogg-theora: a1e56fd34408186e4bbccfd4996cb3dc -> 
  custom:container-muxer-webm: aa71ff27fc2769a1b78a27578f13a17b -> 
  custom:container-demuxer-webm: 4f35f7cbe854078d1ac9338744f61a02 -> 
  custom:container-demuxer-ogg: 62fdf1f143b41e24485cea50d1cbac27 -> 
  custom:video-encoder-webm-vp8: eb34c28f22e8b96e1ab97ce403110664 -> 
  custom:video-decoder-webm-vp8: 9c59270c3fd7afecdb556c50c9e8de78 -> 
  custom:audio-decoder-ogg-vorbis: bf7c407c2cedff20999df2af8eb42d56 -> 
  custom:audio-encoder-webm-vorbis: bf7c407c2cedff20999df2af8eb42d56 -> 
========================================================================
Received Import Request.
  Time since last request: 4.451307 seconds.
  path: Assets/StellarDomination/Scripts/Ship/Ship.cs
  artifactKey: Guid(e6ac3858b8d417546ac06511de561ed9) Importer(815301076,1909f56bfc062723c751e8b465ee728b)
Start importing Assets/StellarDomination/Scripts/Ship/Ship.cs using Guid(e6ac3858b8d417546ac06511de561ed9) Importer(815301076,1909f56bfc062723c751e8b465ee728b)  -> (artifact id: '64c0b03e5ec6f756189874551562705f') in 0.003783 seconds 
  Import took 0.006111 seconds .

========================================================================
Received Prepare
Registering precompiled user dll's ...
Registered in 0.005460 seconds.
Begin MonoManager ReloadAssembly
Native extension for WindowsStandalone target not found
Refreshing native plugins compatible for Editor in 0.31 ms, found 2 plugins.
Preloading 0 native plugins for Editor in 0.00 ms.
Mono: successfully reloaded assembly
- Completed reload, in  0.671 seconds
Domain Reload Profiling:
	ReloadAssembly (671ms)
		BeginReloadAssembly (74ms)
			ExecutionOrderSort (0ms)
			DisableScriptedObjects (3ms)
			BackupInstance (0ms)
			ReleaseScriptingObjects (0ms)
			CreateAndSetChildDomain (21ms)
		EndReloadAssembly (551ms)
			LoadAssemblies (65ms)
			RebuildTransferFunctionScriptingTraits (0ms)
			SetupTypeCache (192ms)
			ReleaseScriptCaches (1ms)
			RebuildScriptCaches (24ms)
			SetupLoadedEditorAssemblies (206ms)
				LogAssemblyErrors (0ms)
				InitializePlatformSupportModulesInManaged (3ms)
				SetLoadedEditorAssemblies (0ms)
				RefreshPlugins (0ms)
				BeforeProcessingInitializeOnLoad (54ms)
				ProcessInitializeOnLoadAttributes (132ms)
				ProcessInitializeOnLoadMethodAttributes (10ms)
				AfterProcessingInitializeOnLoad (5ms)
				EditorAssembliesLoaded (0ms)
			ExecutionOrderSort2 (0ms)
			AwakeInstancesAfterBackupRestoration (5ms)
Platform modules already initialized, skipping
Refreshing native plugins compatible for Editor in 0.31 ms, found 2 plugins.
Preloading 0 native plugins for Editor in 0.00 ms.
Unloading 1818 Unused Serialized files (Serialized files now loaded: 0)
System memory in use before: 153.5 MB.
System memory in use after: 153.6 MB.

Unloading 19 unused Assets to reduce memory usage. Loaded Objects now: 2278.
Total: 1.963300 ms (FindLiveObjects: 0.098100 ms CreateObjectMapping: 0.029900 ms MarkObjects: 1.819700 ms  DeleteObjects: 0.014800 ms)

AssetImportParameters requested are different than current active one (requested -> active):
  custom:framework-win-MediaFoundation: 216162199b28c13a410421893ffa2e32 -> 
  custom:video-decoder-ogg-theora: a1e56fd34408186e4bbccfd4996cb3dc -> 
  custom:container-muxer-webm: aa71ff27fc2769a1b78a27578f13a17b -> 
  custom:container-demuxer-webm: 4f35f7cbe854078d1ac9338744f61a02 -> 
  custom:container-demuxer-ogg: 62fdf1f143b41e24485cea50d1cbac27 -> 
  custom:video-encoder-webm-vp8: eb34c28f22e8b96e1ab97ce403110664 -> 
  custom:video-decoder-webm-vp8: 9c59270c3fd7afecdb556c50c9e8de78 -> 
  custom:audio-decoder-ogg-vorbis: bf7c407c2cedff20999df2af8eb42d56 -> 
  custom:audio-encoder-webm-vorbis: bf7c407c2cedff20999df2af8eb42d56 -> 
========================================================================
Received Prepare
Registering precompiled user dll's ...
Registered in 0.005257 seconds.
Begin MonoManager ReloadAssembly
Native extension for WindowsStandalone target not found
Refreshing native plugins compatible for Editor in 0.45 ms, found 2 plugins.
Preloading 0 native plugins for Editor in 0.00 ms.
Mono: successfully reloaded assembly
- Completed reload, in  0.902 seconds
Domain Reload Profiling:
	ReloadAssembly (903ms)
		BeginReloadAssembly (102ms)
			ExecutionOrderSort (0ms)
			DisableScriptedObjects (4ms)
			BackupInstance (0ms)
			ReleaseScriptingObjects (0ms)
			CreateAndSetChildDomain (27ms)
		EndReloadAssembly (738ms)
			LoadAssemblies (85ms)
			RebuildTransferFunctionScriptingTraits (0ms)
			SetupTypeCache (255ms)
			ReleaseScriptCaches (1ms)
			RebuildScriptCaches (33ms)
			SetupLoadedEditorAssemblies (279ms)
				LogAssemblyErrors (0ms)
				InitializePlatformSupportModulesInManaged (5ms)
				SetLoadedEditorAssemblies (1ms)
				RefreshPlugins (1ms)
				BeforeProcessingInitializeOnLoad (73ms)
				ProcessInitializeOnLoadAttributes (180ms)
				ProcessInitializeOnLoadMethodAttributes (14ms)
				AfterProcessingInitializeOnLoad (6ms)
				EditorAssembliesLoaded (0ms)
			ExecutionOrderSort2 (0ms)
			AwakeInstancesAfterBackupRestoration (6ms)
Platform modules already initialized, skipping
Refreshing native plugins compatible for Editor in 0.33 ms, found 2 plugins.
Preloading 0 native plugins for Editor in 0.00 ms.
Unloading 1818 Unused Serialized files (Serialized files now loaded: 0)
System memory in use before: 153.5 MB.
System memory in use after: 153.6 MB.

Unloading 19 unused Assets to reduce memory usage. Loaded Objects now: 2280.
Total: 2.177400 ms (FindLiveObjects: 0.107000 ms CreateObjectMapping: 0.037400 ms MarkObjects: 2.015800 ms  DeleteObjects: 0.015700 ms)

AssetImportParameters requested are different than current active one (requested -> active):
  custom:framework-win-MediaFoundation: 216162199b28c13a410421893ffa2e32 -> 
  custom:video-decoder-ogg-theora: a1e56fd34408186e4bbccfd4996cb3dc -> 
  custom:container-muxer-webm: aa71ff27fc2769a1b78a27578f13a17b -> 
  custom:container-demuxer-webm: 4f35f7cbe854078d1ac9338744f61a02 -> 
  custom:container-demuxer-ogg: 62fdf1f143b41e24485cea50d1cbac27 -> 
  custom:video-encoder-webm-vp8: eb34c28f22e8b96e1ab97ce403110664 -> 
  custom:video-decoder-webm-vp8: 9c59270c3fd7afecdb556c50c9e8de78 -> 
  custom:audio-decoder-ogg-vorbis: bf7c407c2cedff20999df2af8eb42d56 -> 
  custom:audio-encoder-webm-vorbis: bf7c407c2cedff20999df2af8eb42d56 -> 
========================================================================
Received Import Request.
  Time since last request: 57.783603 seconds.
  path: Assets/StellarDomination/Scripts/Ship/Ship.cs
  artifactKey: Guid(e6ac3858b8d417546ac06511de561ed9) Importer(815301076,1909f56bfc062723c751e8b465ee728b)
Start importing Assets/StellarDomination/Scripts/Ship/Ship.cs using Guid(e6ac3858b8d417546ac06511de561ed9) Importer(815301076,1909f56bfc062723c751e8b465ee728b)  -> (artifact id: 'b749f6369b5c50760bbdfbb65e3be598') in 0.004489 seconds 
  Import took 0.007049 seconds .

========================================================================
Received Import Request.
  Time since last request: 49.912762 seconds.
  path: Assets/StellarDomination/Scripts/Ship/Ship.cs
  artifactKey: Guid(e6ac3858b8d417546ac06511de561ed9) Importer(815301076,1909f56bfc062723c751e8b465ee728b)
Start importing Assets/StellarDomination/Scripts/Ship/Ship.cs using Guid(e6ac3858b8d417546ac06511de561ed9) Importer(815301076,1909f56bfc062723c751e8b465ee728b)  -> (artifact id: '0d36dbe116631349460984bc9f51b76f') in 0.002010 seconds 
  Import took 0.004186 seconds .

========================================================================
Received Import Request.
  Time since last request: 14.049566 seconds.
  path: Assets/StellarDomination/Scripts/Ship/Ship.cs
  artifactKey: Guid(e6ac3858b8d417546ac06511de561ed9) Importer(815301076,1909f56bfc062723c751e8b465ee728b)
Start importing Assets/StellarDomination/Scripts/Ship/Ship.cs using Guid(e6ac3858b8d417546ac06511de561ed9) Importer(815301076,1909f56bfc062723c751e8b465ee728b)  -> (artifact id: '007fc569b3755929e9f9c24a169cbd43') in 0.002191 seconds 
  Import took 0.004651 seconds .

========================================================================
Received Import Request.
  Time since last request: 5.509249 seconds.
  path: Assets/StellarDomination/Scripts/Ship/Ship.cs
  artifactKey: Guid(e6ac3858b8d417546ac06511de561ed9) Importer(815301076,1909f56bfc062723c751e8b465ee728b)
Start importing Assets/StellarDomination/Scripts/Ship/Ship.cs using Guid(e6ac3858b8d417546ac06511de561ed9) Importer(815301076,1909f56bfc062723c751e8b465ee728b)  -> (artifact id: 'a781dd16fb16e3eaad64b6bcbb48f871') in 0.002020 seconds 
  Import took 0.004895 seconds .

========================================================================
Received Import Request.
  Time since last request: 5.491762 seconds.
  path: Assets/StellarDomination/Scripts/Ship/Ship.cs
  artifactKey: Guid(e6ac3858b8d417546ac06511de561ed9) Importer(815301076,1909f56bfc062723c751e8b465ee728b)
Start importing Assets/StellarDomination/Scripts/Ship/Ship.cs using Guid(e6ac3858b8d417546ac06511de561ed9) Importer(815301076,1909f56bfc062723c751e8b465ee728b)  -> (artifact id: '64dcfb49e4fa3b71f314b191f393a098') in 0.002153 seconds 
  Import took 0.004466 seconds .

========================================================================
Received Prepare
Registering precompiled user dll's ...
Registered in 0.006243 seconds.
Begin MonoManager ReloadAssembly
Native extension for WindowsStandalone target not found
Refreshing native plugins compatible for Editor in 0.30 ms, found 2 plugins.
Preloading 0 native plugins for Editor in 0.00 ms.
Mono: successfully reloaded assembly
- Completed reload, in  0.788 seconds
Domain Reload Profiling:
	ReloadAssembly (788ms)
		BeginReloadAssembly (97ms)
			ExecutionOrderSort (0ms)
			DisableScriptedObjects (4ms)
			BackupInstance (0ms)
			ReleaseScriptingObjects (0ms)
			CreateAndSetChildDomain (27ms)
		EndReloadAssembly (630ms)
			LoadAssemblies (75ms)
			RebuildTransferFunctionScriptingTraits (0ms)
			SetupTypeCache (226ms)
			ReleaseScriptCaches (1ms)
			RebuildScriptCaches (30ms)
			SetupLoadedEditorAssemblies (232ms)
				LogAssemblyErrors (0ms)
				InitializePlatformSupportModulesInManaged (4ms)
				SetLoadedEditorAssemblies (0ms)
				RefreshPlugins (0ms)
				BeforeProcessingInitializeOnLoad (62ms)
				ProcessInitializeOnLoadAttributes (146ms)
				ProcessInitializeOnLoadMethodAttributes (13ms)
				AfterProcessingInitializeOnLoad (5ms)
				EditorAssembliesLoaded (0ms)
			ExecutionOrderSort2 (0ms)
			AwakeInstancesAfterBackupRestoration (5ms)
Platform modules already initialized, skipping
Refreshing native plugins compatible for Editor in 0.31 ms, found 2 plugins.
Preloading 0 native plugins for Editor in 0.00 ms.
Unloading 1818 Unused Serialized files (Serialized files now loaded: 0)
System memory in use before: 153.5 MB.
System memory in use after: 153.6 MB.

Unloading 19 unused Assets to reduce memory usage. Loaded Objects now: 2282.
Total: 2.169300 ms (FindLiveObjects: 0.193500 ms CreateObjectMapping: 0.112200 ms MarkObjects: 1.842700 ms  DeleteObjects: 0.019700 ms)

AssetImportParameters requested are different than current active one (requested -> active):
  custom:framework-win-MediaFoundation: 216162199b28c13a410421893ffa2e32 -> 
  custom:video-decoder-ogg-theora: a1e56fd34408186e4bbccfd4996cb3dc -> 
  custom:container-muxer-webm: aa71ff27fc2769a1b78a27578f13a17b -> 
  custom:container-demuxer-webm: 4f35f7cbe854078d1ac9338744f61a02 -> 
  custom:container-demuxer-ogg: 62fdf1f143b41e24485cea50d1cbac27 -> 
  custom:video-encoder-webm-vp8: eb34c28f22e8b96e1ab97ce403110664 -> 
  custom:video-decoder-webm-vp8: 9c59270c3fd7afecdb556c50c9e8de78 -> 
  custom:audio-decoder-ogg-vorbis: bf7c407c2cedff20999df2af8eb42d56 -> 
  custom:audio-encoder-webm-vorbis: bf7c407c2cedff20999df2af8eb42d56 -> 
========================================================================
Received Prepare
Registering precompiled user dll's ...
Registered in 0.005675 seconds.
Begin MonoManager ReloadAssembly
Native extension for WindowsStandalone target not found
Refreshing native plugins compatible for Editor in 0.45 ms, found 2 plugins.
Preloading 0 native plugins for Editor in 0.00 ms.
Mono: successfully reloaded assembly
- Completed reload, in  0.884 seconds
Domain Reload Profiling:
	ReloadAssembly (884ms)
		BeginReloadAssembly (98ms)
			ExecutionOrderSort (0ms)
			DisableScriptedObjects (4ms)
			BackupInstance (0ms)
			ReleaseScriptingObjects (0ms)
			CreateAndSetChildDomain (25ms)
		EndReloadAssembly (726ms)
			LoadAssemblies (82ms)
			RebuildTransferFunctionScriptingTraits (0ms)
			SetupTypeCache (260ms)
			ReleaseScriptCaches (1ms)
			RebuildScriptCaches (33ms)
			SetupLoadedEditorAssemblies (270ms)
				LogAssemblyErrors (0ms)
				InitializePlatformSupportModulesInManaged (4ms)
				SetLoadedEditorAssemblies (0ms)
				RefreshPlugins (1ms)
				BeforeProcessingInitializeOnLoad (71ms)
				ProcessInitializeOnLoadAttributes (173ms)
				ProcessInitializeOnLoadMethodAttributes (14ms)
				AfterProcessingInitializeOnLoad (6ms)
				EditorAssembliesLoaded (0ms)
			ExecutionOrderSort2 (0ms)
			AwakeInstancesAfterBackupRestoration (7ms)
Platform modules already initialized, skipping
Refreshing native plugins compatible for Editor in 0.48 ms, found 2 plugins.
Preloading 0 native plugins for Editor in 0.00 ms.
Unloading 1818 Unused Serialized files (Serialized files now loaded: 0)
System memory in use before: 153.5 MB.
System memory in use after: 153.6 MB.

Unloading 19 unused Assets to reduce memory usage. Loaded Objects now: 2284.
Total: 2.874200 ms (FindLiveObjects: 0.173600 ms CreateObjectMapping: 0.043500 ms MarkObjects: 2.630400 ms  DeleteObjects: 0.025600 ms)

AssetImportParameters requested are different than current active one (requested -> active):
  custom:framework-win-MediaFoundation: 216162199b28c13a410421893ffa2e32 -> 
  custom:video-decoder-ogg-theora: a1e56fd34408186e4bbccfd4996cb3dc -> 
  custom:container-muxer-webm: aa71ff27fc2769a1b78a27578f13a17b -> 
  custom:container-demuxer-webm: 4f35f7cbe854078d1ac9338744f61a02 -> 
  custom:container-demuxer-ogg: 62fdf1f143b41e24485cea50d1cbac27 -> 
  custom:video-encoder-webm-vp8: eb34c28f22e8b96e1ab97ce403110664 -> 
  custom:video-decoder-webm-vp8: 9c59270c3fd7afecdb556c50c9e8de78 -> 
  custom:audio-decoder-ogg-vorbis: bf7c407c2cedff20999df2af8eb42d56 -> 
  custom:audio-encoder-webm-vorbis: bf7c407c2cedff20999df2af8eb42d56 -> 
========================================================================
Received Prepare
Registering precompiled user dll's ...
Registered in 0.005280 seconds.
Begin MonoManager ReloadAssembly
Native extension for WindowsStandalone target not found
Refreshing native plugins compatible for Editor in 0.30 ms, found 2 plugins.
Preloading 0 native plugins for Editor in 0.00 ms.
Mono: successfully reloaded assembly
- Completed reload, in  0.752 seconds
Domain Reload Profiling:
	ReloadAssembly (753ms)
		BeginReloadAssembly (84ms)
			ExecutionOrderSort (0ms)
			DisableScriptedObjects (3ms)
			BackupInstance (0ms)
			ReleaseScriptingObjects (0ms)
			CreateAndSetChildDomain (23ms)
		EndReloadAssembly (616ms)
			LoadAssemblies (69ms)
			RebuildTransferFunctionScriptingTraits (0ms)
			SetupTypeCache (218ms)
			ReleaseScriptCaches (1ms)
			RebuildScriptCaches (29ms)
			SetupLoadedEditorAssemblies (229ms)
				LogAssemblyErrors (0ms)
				InitializePlatformSupportModulesInManaged (3ms)
				SetLoadedEditorAssemblies (0ms)
				RefreshPlugins (0ms)
				BeforeProcessingInitializeOnLoad (61ms)
				ProcessInitializeOnLoadAttributes (147ms)
				ProcessInitializeOnLoadMethodAttributes (11ms)
				AfterProcessingInitializeOnLoad (5ms)
				EditorAssembliesLoaded (0ms)
			ExecutionOrderSort2 (0ms)
			AwakeInstancesAfterBackupRestoration (5ms)
Platform modules already initialized, skipping
Refreshing native plugins compatible for Editor in 0.52 ms, found 2 plugins.
Preloading 0 native plugins for Editor in 0.00 ms.
Unloading 1818 Unused Serialized files (Serialized files now loaded: 0)
System memory in use before: 153.5 MB.
System memory in use after: 153.6 MB.

Unloading 19 unused Assets to reduce memory usage. Loaded Objects now: 2286.
Total: 2.441600 ms (FindLiveObjects: 0.145900 ms CreateObjectMapping: 0.042900 ms MarkObjects: 2.229800 ms  DeleteObjects: 0.021200 ms)

AssetImportParameters requested are different than current active one (requested -> active):
  custom:framework-win-MediaFoundation: 216162199b28c13a410421893ffa2e32 -> 
  custom:video-decoder-ogg-theora: a1e56fd34408186e4bbccfd4996cb3dc -> 
  custom:container-muxer-webm: aa71ff27fc2769a1b78a27578f13a17b -> 
  custom:container-demuxer-webm: 4f35f7cbe854078d1ac9338744f61a02 -> 
  custom:container-demuxer-ogg: 62fdf1f143b41e24485cea50d1cbac27 -> 
  custom:video-encoder-webm-vp8: eb34c28f22e8b96e1ab97ce403110664 -> 
  custom:video-decoder-webm-vp8: 9c59270c3fd7afecdb556c50c9e8de78 -> 
  custom:audio-decoder-ogg-vorbis: bf7c407c2cedff20999df2af8eb42d56 -> 
  custom:audio-encoder-webm-vorbis: bf7c407c2cedff20999df2af8eb42d56 -> 
========================================================================
Received Prepare
Registering precompiled user dll's ...
Registered in 0.004929 seconds.
Begin MonoManager ReloadAssembly
Native extension for WindowsStandalone target not found
Refreshing native plugins compatible for Editor in 0.38 ms, found 2 plugins.
Preloading 0 native plugins for Editor in 0.00 ms.
Mono: successfully reloaded assembly
- Completed reload, in  0.796 seconds
Domain Reload Profiling:
	ReloadAssembly (796ms)
		BeginReloadAssembly (94ms)
			ExecutionOrderSort (0ms)
			DisableScriptedObjects (3ms)
			BackupInstance (0ms)
			ReleaseScriptingObjects (0ms)
			CreateAndSetChildDomain (24ms)
		EndReloadAssembly (643ms)
			LoadAssemblies (71ms)
			RebuildTransferFunctionScriptingTraits (0ms)
			SetupTypeCache (213ms)
			ReleaseScriptCaches (1ms)
			RebuildScriptCaches (30ms)
			SetupLoadedEditorAssemblies (243ms)
				LogAssemblyErrors (0ms)
				InitializePlatformSupportModulesInManaged (4ms)
				SetLoadedEditorAssemblies (0ms)
				RefreshPlugins (0ms)
				BeforeProcessingInitializeOnLoad (63ms)
				ProcessInitializeOnLoadAttributes (158ms)
				ProcessInitializeOnLoadMethodAttributes (12ms)
				AfterProcessingInitializeOnLoad (5ms)
				EditorAssembliesLoaded (0ms)
			ExecutionOrderSort2 (0ms)
			AwakeInstancesAfterBackupRestoration (6ms)
Platform modules already initialized, skipping
Refreshing native plugins compatible for Editor in 0.45 ms, found 2 plugins.
Preloading 0 native plugins for Editor in 0.00 ms.
Unloading 1818 Unused Serialized files (Serialized files now loaded: 0)
System memory in use before: 153.5 MB.
System memory in use after: 153.6 MB.

Unloading 19 unused Assets to reduce memory usage. Loaded Objects now: 2288.
Total: 1.947800 ms (FindLiveObjects: 0.170500 ms CreateObjectMapping: 0.041000 ms MarkObjects: 1.721700 ms  DeleteObjects: 0.013600 ms)

AssetImportParameters requested are different than current active one (requested -> active):
  custom:framework-win-MediaFoundation: 216162199b28c13a410421893ffa2e32 -> 
  custom:video-decoder-ogg-theora: a1e56fd34408186e4bbccfd4996cb3dc -> 
  custom:container-muxer-webm: aa71ff27fc2769a1b78a27578f13a17b -> 
  custom:container-demuxer-webm: 4f35f7cbe854078d1ac9338744f61a02 -> 
  custom:container-demuxer-ogg: 62fdf1f143b41e24485cea50d1cbac27 -> 
  custom:video-encoder-webm-vp8: eb34c28f22e8b96e1ab97ce403110664 -> 
  custom:video-decoder-webm-vp8: 9c59270c3fd7afecdb556c50c9e8de78 -> 
  custom:audio-decoder-ogg-vorbis: bf7c407c2cedff20999df2af8eb42d56 -> 
  custom:audio-encoder-webm-vorbis: bf7c407c2cedff20999df2af8eb42d56 -> 
========================================================================
Received Prepare
Registering precompiled user dll's ...
Registered in 0.004412 seconds.
Begin MonoManager ReloadAssembly
Native extension for WindowsStandalone target not found
Refreshing native plugins compatible for Editor in 0.31 ms, found 2 plugins.
Preloading 0 native plugins for Editor in 0.00 ms.
Mono: successfully reloaded assembly
- Completed reload, in  0.798 seconds
Domain Reload Profiling:
	ReloadAssembly (798ms)
		BeginReloadAssembly (83ms)
			ExecutionOrderSort (0ms)
			DisableScriptedObjects (4ms)
			BackupInstance (0ms)
			ReleaseScriptingObjects (0ms)
			CreateAndSetChildDomain (23ms)
		EndReloadAssembly (656ms)
			LoadAssemblies (73ms)
			RebuildTransferFunctionScriptingTraits (0ms)
			SetupTypeCache (237ms)
			ReleaseScriptCaches (1ms)
			RebuildScriptCaches (34ms)
			SetupLoadedEditorAssemblies (236ms)
				LogAssemblyErrors (0ms)
				InitializePlatformSupportModulesInManaged (4ms)
				SetLoadedEditorAssemblies (0ms)
				RefreshPlugins (0ms)
				BeforeProcessingInitializeOnLoad (63ms)
				ProcessInitializeOnLoadAttributes (151ms)
				ProcessInitializeOnLoadMethodAttributes (12ms)
				AfterProcessingInitializeOnLoad (5ms)
				EditorAssembliesLoaded (0ms)
			ExecutionOrderSort2 (0ms)
			AwakeInstancesAfterBackupRestoration (5ms)
Platform modules already initialized, skipping
Refreshing native plugins compatible for Editor in 0.29 ms, found 2 plugins.
Preloading 0 native plugins for Editor in 0.00 ms.
Unloading 1818 Unused Serialized files (Serialized files now loaded: 0)
System memory in use before: 153.5 MB.
System memory in use after: 153.7 MB.

Unloading 19 unused Assets to reduce memory usage. Loaded Objects now: 2290.
Total: 1.914900 ms (FindLiveObjects: 0.103200 ms CreateObjectMapping: 0.036100 ms MarkObjects: 1.761200 ms  DeleteObjects: 0.013500 ms)

AssetImportParameters requested are different than current active one (requested -> active):
  custom:framework-win-MediaFoundation: 216162199b28c13a410421893ffa2e32 -> 
  custom:video-decoder-ogg-theora: a1e56fd34408186e4bbccfd4996cb3dc -> 
  custom:container-muxer-webm: aa71ff27fc2769a1b78a27578f13a17b -> 
  custom:container-demuxer-webm: 4f35f7cbe854078d1ac9338744f61a02 -> 
  custom:container-demuxer-ogg: 62fdf1f143b41e24485cea50d1cbac27 -> 
  custom:video-encoder-webm-vp8: eb34c28f22e8b96e1ab97ce403110664 -> 
  custom:video-decoder-webm-vp8: 9c59270c3fd7afecdb556c50c9e8de78 -> 
  custom:audio-decoder-ogg-vorbis: bf7c407c2cedff20999df2af8eb42d56 -> 
  custom:audio-encoder-webm-vorbis: bf7c407c2cedff20999df2af8eb42d56 -> 
========================================================================
Received Prepare
Registering precompiled user dll's ...
Registered in 0.005116 seconds.
Begin MonoManager ReloadAssembly
Native extension for WindowsStandalone target not found
Refreshing native plugins compatible for Editor in 0.33 ms, found 2 plugins.
Preloading 0 native plugins for Editor in 0.00 ms.
Mono: successfully reloaded assembly
- Completed reload, in  0.811 seconds
Domain Reload Profiling:
	ReloadAssembly (812ms)
		BeginReloadAssembly (102ms)
			ExecutionOrderSort (0ms)
			DisableScriptedObjects (4ms)
			BackupInstance (0ms)
			ReleaseScriptingObjects (0ms)
			CreateAndSetChildDomain (33ms)
		EndReloadAssembly (660ms)
			LoadAssemblies (72ms)
			RebuildTransferFunctionScriptingTraits (0ms)
			SetupTypeCache (214ms)
			ReleaseScriptCaches (1ms)
			RebuildScriptCaches (27ms)
			SetupLoadedEditorAssemblies (272ms)
				LogAssemblyErrors (0ms)
				InitializePlatformSupportModulesInManaged (4ms)
				SetLoadedEditorAssemblies (0ms)
				RefreshPlugins (0ms)
				BeforeProcessingInitializeOnLoad (69ms)
				ProcessInitializeOnLoadAttributes (176ms)
				ProcessInitializeOnLoadMethodAttributes (14ms)
				AfterProcessingInitializeOnLoad (8ms)
				EditorAssembliesLoaded (0ms)
			ExecutionOrderSort2 (0ms)
			AwakeInstancesAfterBackupRestoration (6ms)
Platform modules already initialized, skipping
Refreshing native plugins compatible for Editor in 0.48 ms, found 2 plugins.
Preloading 0 native plugins for Editor in 0.00 ms.
Unloading 1818 Unused Serialized files (Serialized files now loaded: 0)
System memory in use before: 153.5 MB.
System memory in use after: 153.7 MB.

Unloading 19 unused Assets to reduce memory usage. Loaded Objects now: 2292.
Total: 2.102400 ms (FindLiveObjects: 0.200500 ms CreateObjectMapping: 0.053900 ms MarkObjects: 1.832600 ms  DeleteObjects: 0.014100 ms)

AssetImportParameters requested are different than current active one (requested -> active):
  custom:framework-win-MediaFoundation: 216162199b28c13a410421893ffa2e32 -> 
  custom:video-decoder-ogg-theora: a1e56fd34408186e4bbccfd4996cb3dc -> 
  custom:container-muxer-webm: aa71ff27fc2769a1b78a27578f13a17b -> 
  custom:container-demuxer-webm: 4f35f7cbe854078d1ac9338744f61a02 -> 
  custom:container-demuxer-ogg: 62fdf1f143b41e24485cea50d1cbac27 -> 
  custom:video-encoder-webm-vp8: eb34c28f22e8b96e1ab97ce403110664 -> 
  custom:video-decoder-webm-vp8: 9c59270c3fd7afecdb556c50c9e8de78 -> 
  custom:audio-decoder-ogg-vorbis: bf7c407c2cedff20999df2af8eb42d56 -> 
  custom:audio-encoder-webm-vorbis: bf7c407c2cedff20999df2af8eb42d56 -> 
========================================================================
Received Prepare
Registering precompiled user dll's ...
Registered in 0.004267 seconds.
Begin MonoManager ReloadAssembly
Native extension for WindowsStandalone target not found
Refreshing native plugins compatible for Editor in 0.30 ms, found 2 plugins.
Preloading 0 native plugins for Editor in 0.00 ms.
Mono: successfully reloaded assembly
- Completed reload, in  0.768 seconds
Domain Reload Profiling:
	ReloadAssembly (768ms)
		BeginReloadAssembly (87ms)
			ExecutionOrderSort (0ms)
			DisableScriptedObjects (3ms)
			BackupInstance (0ms)
			ReleaseScriptingObjects (0ms)
			CreateAndSetChildDomain (23ms)
		EndReloadAssembly (629ms)
			LoadAssemblies (70ms)
			RebuildTransferFunctionScriptingTraits (0ms)
			SetupTypeCache (214ms)
			ReleaseScriptCaches (1ms)
			RebuildScriptCaches (32ms)
			SetupLoadedEditorAssemblies (236ms)
				LogAssemblyErrors (0ms)
				InitializePlatformSupportModulesInManaged (4ms)
				SetLoadedEditorAssemblies (0ms)
				RefreshPlugins (0ms)
				BeforeProcessingInitializeOnLoad (61ms)
				ProcessInitializeOnLoadAttributes (152ms)
				ProcessInitializeOnLoadMethodAttributes (12ms)
				AfterProcessingInitializeOnLoad (6ms)
				EditorAssembliesLoaded (0ms)
			ExecutionOrderSort2 (0ms)
			AwakeInstancesAfterBackupRestoration (6ms)
Platform modules already initialized, skipping
Refreshing native plugins compatible for Editor in 0.43 ms, found 2 plugins.
Preloading 0 native plugins for Editor in 0.00 ms.
Unloading 1818 Unused Serialized files (Serialized files now loaded: 0)
System memory in use before: 153.5 MB.
System memory in use after: 153.7 MB.

Unloading 19 unused Assets to reduce memory usage. Loaded Objects now: 2294.
Total: 1.895600 ms (FindLiveObjects: 0.115500 ms CreateObjectMapping: 0.054800 ms MarkObjects: 1.709600 ms  DeleteObjects: 0.014800 ms)

AssetImportParameters requested are different than current active one (requested -> active):
  custom:framework-win-MediaFoundation: 216162199b28c13a410421893ffa2e32 -> 
  custom:video-decoder-ogg-theora: a1e56fd34408186e4bbccfd4996cb3dc -> 
  custom:container-muxer-webm: aa71ff27fc2769a1b78a27578f13a17b -> 
  custom:container-demuxer-webm: 4f35f7cbe854078d1ac9338744f61a02 -> 
  custom:container-demuxer-ogg: 62fdf1f143b41e24485cea50d1cbac27 -> 
  custom:video-encoder-webm-vp8: eb34c28f22e8b96e1ab97ce403110664 -> 
  custom:video-decoder-webm-vp8: 9c59270c3fd7afecdb556c50c9e8de78 -> 
  custom:audio-decoder-ogg-vorbis: bf7c407c2cedff20999df2af8eb42d56 -> 
  custom:audio-encoder-webm-vorbis: bf7c407c2cedff20999df2af8eb42d56 -> 
========================================================================
Received Prepare
Registering precompiled user dll's ...
Registered in 0.004926 seconds.
Begin MonoManager ReloadAssembly
Native extension for WindowsStandalone target not found
Refreshing native plugins compatible for Editor in 0.38 ms, found 2 plugins.
Preloading 0 native plugins for Editor in 0.00 ms.
Mono: successfully reloaded assembly
- Completed reload, in  0.891 seconds
Domain Reload Profiling:
	ReloadAssembly (891ms)
		BeginReloadAssembly (105ms)
			ExecutionOrderSort (0ms)
			DisableScriptedObjects (4ms)
			BackupInstance (0ms)
			ReleaseScriptingObjects (0ms)
			CreateAndSetChildDomain (28ms)
		EndReloadAssembly (726ms)
			LoadAssemblies (83ms)
			RebuildTransferFunctionScriptingTraits (0ms)
			SetupTypeCache (247ms)
			ReleaseScriptCaches (1ms)
			RebuildScriptCaches (31ms)
			SetupLoadedEditorAssemblies (277ms)
				LogAssemblyErrors (0ms)
				InitializePlatformSupportModulesInManaged (5ms)
				SetLoadedEditorAssemblies (0ms)
				RefreshPlugins (0ms)
				BeforeProcessingInitializeOnLoad (79ms)
				ProcessInitializeOnLoadAttributes (172ms)
				ProcessInitializeOnLoadMethodAttributes (14ms)
				AfterProcessingInitializeOnLoad (6ms)
				EditorAssembliesLoaded (0ms)
			ExecutionOrderSort2 (0ms)
			AwakeInstancesAfterBackupRestoration (6ms)
Platform modules already initialized, skipping
Refreshing native plugins compatible for Editor in 0.50 ms, found 2 plugins.
Preloading 0 native plugins for Editor in 0.00 ms.
Unloading 1818 Unused Serialized files (Serialized files now loaded: 0)
System memory in use before: 153.5 MB.
System memory in use after: 153.7 MB.

Unloading 19 unused Assets to reduce memory usage. Loaded Objects now: 2296.
Total: 2.292000 ms (FindLiveObjects: 0.120800 ms CreateObjectMapping: 0.043300 ms MarkObjects: 2.110100 ms  DeleteObjects: 0.016700 ms)

AssetImportParameters requested are different than current active one (requested -> active):
  custom:framework-win-MediaFoundation: 216162199b28c13a410421893ffa2e32 -> 
  custom:video-decoder-ogg-theora: a1e56fd34408186e4bbccfd4996cb3dc -> 
  custom:container-muxer-webm: aa71ff27fc2769a1b78a27578f13a17b -> 
  custom:container-demuxer-webm: 4f35f7cbe854078d1ac9338744f61a02 -> 
  custom:container-demuxer-ogg: 62fdf1f143b41e24485cea50d1cbac27 -> 
  custom:video-encoder-webm-vp8: eb34c28f22e8b96e1ab97ce403110664 -> 
  custom:video-decoder-webm-vp8: 9c59270c3fd7afecdb556c50c9e8de78 -> 
  custom:audio-decoder-ogg-vorbis: bf7c407c2cedff20999df2af8eb42d56 -> 
  custom:audio-encoder-webm-vorbis: bf7c407c2cedff20999df2af8eb42d56 -> 
========================================================================
Received Prepare
Registering precompiled user dll's ...
Registered in 0.004752 seconds.
Begin MonoManager ReloadAssembly
Native extension for WindowsStandalone target not found
Refreshing native plugins compatible for Editor in 0.32 ms, found 2 plugins.
Preloading 0 native plugins for Editor in 0.00 ms.
Mono: successfully reloaded assembly
- Completed reload, in  0.669 seconds
Domain Reload Profiling:
	ReloadAssembly (669ms)
		BeginReloadAssembly (73ms)
			ExecutionOrderSort (0ms)
			DisableScriptedObjects (3ms)
			BackupInstance (0ms)
			ReleaseScriptingObjects (0ms)
			CreateAndSetChildDomain (20ms)
		EndReloadAssembly (550ms)
			LoadAssemblies (65ms)
			RebuildTransferFunctionScriptingTraits (0ms)
			SetupTypeCache (188ms)
			ReleaseScriptCaches (1ms)
			RebuildScriptCaches (27ms)
			SetupLoadedEditorAssemblies (204ms)
				LogAssemblyErrors (0ms)
				InitializePlatformSupportModulesInManaged (3ms)
				SetLoadedEditorAssemblies (0ms)
				RefreshPlugins (0ms)
				BeforeProcessingInitializeOnLoad (54ms)
				ProcessInitializeOnLoadAttributes (131ms)
				ProcessInitializeOnLoadMethodAttributes (10ms)
				AfterProcessingInitializeOnLoad (5ms)
				EditorAssembliesLoaded (0ms)
			ExecutionOrderSort2 (0ms)
			AwakeInstancesAfterBackupRestoration (5ms)
Platform modules already initialized, skipping
Refreshing native plugins compatible for Editor in 0.29 ms, found 2 plugins.
Preloading 0 native plugins for Editor in 0.00 ms.
Unloading 1818 Unused Serialized files (Serialized files now loaded: 0)
System memory in use before: 153.6 MB.
System memory in use after: 153.7 MB.

Unloading 19 unused Assets to reduce memory usage. Loaded Objects now: 2298.
Total: 1.737000 ms (FindLiveObjects: 0.093800 ms CreateObjectMapping: 0.032800 ms MarkObjects: 1.596100 ms  DeleteObjects: 0.013700 ms)

AssetImportParameters requested are different than current active one (requested -> active):
  custom:framework-win-MediaFoundation: 216162199b28c13a410421893ffa2e32 -> 
  custom:video-decoder-ogg-theora: a1e56fd34408186e4bbccfd4996cb3dc -> 
  custom:container-muxer-webm: aa71ff27fc2769a1b78a27578f13a17b -> 
  custom:container-demuxer-webm: 4f35f7cbe854078d1ac9338744f61a02 -> 
  custom:container-demuxer-ogg: 62fdf1f143b41e24485cea50d1cbac27 -> 
  custom:video-encoder-webm-vp8: eb34c28f22e8b96e1ab97ce403110664 -> 
  custom:video-decoder-webm-vp8: 9c59270c3fd7afecdb556c50c9e8de78 -> 
  custom:audio-decoder-ogg-vorbis: bf7c407c2cedff20999df2af8eb42d56 -> 
  custom:audio-encoder-webm-vorbis: bf7c407c2cedff20999df2af8eb42d56 -> 
